#
# A fatal error has been detected by the Java Runtime Environment:
#
#  EXCEPTION_ACCESS_VIOLATION (0xc0000005) at pc=0xffffffffa3465120, pid=3324, tid=0x00000000000013d0
#
# JRE version: OpenJDK Runtime Environment (8.0_112-b06) (build 1.8.0_112-release-b06)
# Java VM: OpenJDK 64-Bit Server VM (25.112-b06 mixed mode windows-amd64 compressed oops)
# Problematic frame:
# C  0xffffffffa3465120
#
# Failed to write core dump. Minidumps are not enabled by default on client versions of Windows
#
# If you would like to submit a bug report, please visit:
#   http://bugreport.java.com/bugreport/crash.jsp
#

---------------  T H R E A D  ---------------

Current thread (0x0000000057f02800):  JavaThread "Daemon worker" [_thread_in_Java, id=5072, stack(0x0000000059f40000,0x000000005a040000)]

siginfo: ExceptionCode=0xc0000005, ExceptionInformation=0x0000000000000008 0xffffffffa3465120

Registers:
RAX=0x00000000e2e7acb0, RBX=0x0000000000000000, RCX=0x0000000000001ee6, RDX=0x00000000e2e7acb0
RSP=0x000000005a03bb08, RBP=0x000000005a03bca8, RSI=0x000000005a7bad30, RDI=0x0000000000001ee6
R8 =0x0000000000000000, R9 =0x00000000e2e8cde8, R10=0x0000000000001ee6, R11=0x00000000e2e7acb0
R12=0x0000000000000000, R13=0x0000000000000000, R14=0x0000000000001ed7, R15=0x0000000057f02800
RIP=0xffffffffa3465120, EFLAGS=0x0000000000010202

Top of Stack: (sp=0x000000005a03bb08)
0x000000005a03bb08:   000000000297d53c 000000005a03bca8
0x000000005a03bb18:   000000000296182c 000000000000000d
0x000000005a03bb28:   0000000000000000 0000000000000000
0x000000005a03bb38:   0000000057f02800 0000000000000000
0x000000005a03bb48:   0000000055577950 0000000000000001
0x000000005a03bb58:   000000000297ae84 0000000057f02800
0x000000005a03bb68:   000000005a03bc88 000000000247b8ca
0x000000005a03bb78:   0000000002465410 00000000e2e7acb0
0x000000005a03bb88:   00000000a02079d0 00000000e2e7ad68
0x000000005a03bb98:   0000000070bc84e7 0000000057320420
0x000000005a03bba8:   0000000070dd3c6e 000000005a03bd08
0x000000005a03bbb8:   000000005557790d 000000005a03bca8
0x000000005a03bbc8:   0000000002968fc4 00000000553a11c0
0x000000005a03bbd8:   0000000002901a63 000000005a03bcc8
0x000000005a03bbe8:   0000000070a56fd5 0000004000000008
0x000000005a03bbf8:   00000000a0a58d20 00000000a0546990 

Instructions: (pc=0xffffffffa3465120)
0xffffffffa3465100:   
[error occurred during error reporting (printing registers, top of stack, instructions near pc), id 0xc0000005]

Register to memory mapping:

RAX=0x00000000e2e7acb0 is an oop
java.util.regex.Matcher 
 - klass: 'java/util/regex/Matcher'
RBX=0x0000000000000000 is an unknown value
RCX=0x0000000000001ee6 is an unknown value
RDX=0x00000000e2e7acb0 is an oop
java.util.regex.Matcher 
 - klass: 'java/util/regex/Matcher'
RSP=0x000000005a03bb08 is pointing into the stack for thread: 0x0000000057f02800
RBP=0x000000005a03bca8 is pointing into the stack for thread: 0x0000000057f02800
RSI=0x000000005a7bad30 is pointing into metadata
RDI=0x0000000000001ee6 is an unknown value
R8 =0x0000000000000000 is an unknown value
R9 =0x00000000e2e8cde8 is an oop
[C 
 - klass: {type array char}
 - length: 9214
R10=0x0000000000001ee6 is an unknown value
R11=0x00000000e2e7acb0 is an oop
java.util.regex.Matcher 
 - klass: 'java/util/regex/Matcher'
R12=0x0000000000000000 is an unknown value
R13=0x0000000000000000 is an unknown value
R14=0x0000000000001ed7 is an unknown value
R15=0x0000000057f02800 is a thread


Stack: [0x0000000059f40000,0x000000005a040000],  sp=0x000000005a03bb08,  free space=1006k
Native frames: (J=compiled Java code, j=interpreted, Vv=VM code, C=native code)
C  0xffffffffa3465120


---------------  P R O C E S S  ---------------

Java Threads: ( => current thread )
  0x0000000058776000 JavaThread "File lock request listener" [_thread_in_native, id=3680, stack(0x000000005a680000,0x000000005a780000)]
  0x0000000057d3d000 JavaThread "pool-1-thread-1" [_thread_blocked, id=4984, stack(0x000000005a350000,0x000000005a450000)]
  0x0000000057eea800 JavaThread "Stdin handler" [_thread_blocked, id=4424, stack(0x000000005a1f0000,0x000000005a2f0000)]
  0x0000000057f16800 JavaThread "Asynchronous log dispatcher for DefaultDaemonConnection: socket connection from /127.0.0.1:51694 to /127.0.0.1:51695" [_thread_blocked, id=5056, stack(0x0000000059770000,0x0000000059870000)]
=>0x0000000057f02800 JavaThread "Daemon worker" [_thread_in_Java, id=5072, stack(0x0000000059f40000,0x000000005a040000)]
  0x0000000057ef8000 JavaThread "Cancel handler" [_thread_blocked, id=4612, stack(0x0000000059e00000,0x0000000059f00000)]
  0x0000000057331000 JavaThread "Handler for socket connection from /127.0.0.1:51694 to /127.0.0.1:51695" [_thread_in_native, id=4436, stack(0x0000000059c30000,0x0000000059d30000)]
  0x000000005732e800 JavaThread "Daemon" [_thread_blocked, id=4576, stack(0x00000000598b0000,0x00000000599b0000)]
  0x0000000058604000 JavaThread "Incoming local TCP Connector on port 51694" [_thread_in_native, id=2600, stack(0x0000000059620000,0x0000000059720000)]
  0x0000000055d8f000 JavaThread "Service Thread" daemon [_thread_blocked, id=4208, stack(0x00000000576a0000,0x00000000577a0000)]
  0x0000000055d87000 JavaThread "C1 CompilerThread1" daemon [_thread_blocked, id=4384, stack(0x0000000057140000,0x0000000057240000)]
  0x0000000055d2a000 JavaThread "C2 CompilerThread0" daemon [_thread_blocked, id=4364, stack(0x0000000056f80000,0x0000000057080000)]
  0x0000000055d28800 JavaThread "Attach Listener" daemon [_thread_blocked, id=4744, stack(0x0000000056d50000,0x0000000056e50000)]
  0x0000000055d27000 JavaThread "Signal Dispatcher" daemon [_thread_blocked, id=3196, stack(0x0000000056b80000,0x0000000056c80000)]
  0x0000000055d0e000 JavaThread "Finalizer" daemon [_thread_blocked, id=3192, stack(0x0000000056660000,0x0000000056760000)]
  0x0000000055cc4800 JavaThread "Reference Handler" daemon [_thread_blocked, id=4260, stack(0x0000000056900000,0x0000000056a00000)]
  0x0000000001e1d800 JavaThread "main" [_thread_blocked, id=4752, stack(0x0000000002090000,0x0000000002190000)]

Other Threads:
  0x0000000055cba800 VMThread [stack: 0x0000000056770000,0x0000000056870000] [id=2232]
  0x0000000057241000 WatcherThread [stack: 0x00000000577e0000,0x00000000578e0000] [id=3188]

VM state:not at safepoint (normal execution)

VM Mutex/Monitor currently owned by a thread: None

Heap:
 PSYoungGen      total 90112K, used 56531K [0x00000000e0000000, 0x00000000e8500000, 0x0000000100000000)
  eden space 80384K, 59% used [0x00000000e0000000,0x00000000e2ef58d0,0x00000000e4e80000)
  from space 9728K, 86% used [0x00000000e4e80000,0x00000000e56bf688,0x00000000e5800000)
  to   space 10752K, 0% used [0x00000000e7a80000,0x00000000e7a80000,0x00000000e8500000)
 ParOldGen       total 49152K, used 17283K [0x00000000a0000000, 0x00000000a3000000, 0x00000000e0000000)
  object space 49152K, 35% used [0x00000000a0000000,0x00000000a10e0f40,0x00000000a3000000)
 Metaspace       used 45569K, capacity 46490K, committed 46720K, reserved 1089536K
  class space    used 6037K, capacity 6263K, committed 6272K, reserved 1048576K

Card table byte_map: [0x0000000011820000,0x0000000011b30000] byte_map_base: 0x0000000011320000

Marking Bits: (ParMarkBitMap*) 0x00000000711818f0
 Begin Bits: [0x0000000012090000, 0x0000000013890000)
 End Bits:   [0x0000000013890000, 0x0000000015090000)

Polling page: 0x0000000000210000

CodeCache: size=245760Kb used=15738Kb max_used=15750Kb free=230021Kb
 bounds [0x0000000002460000, 0x00000000033e0000, 0x0000000011460000]
 total_blobs=5156 nmethods=4421 adapters=648
 compilation: enabled

Compilation events (10 events):
Event: 33.429 Thread 0x0000000055d87000 nmethod 4848 0x00000000033c2f90 code [0x00000000033c3100, 0x00000000033c3398]
Event: 33.430 Thread 0x0000000055d87000 4849  s    2       sun.nio.ch.ChannelInputStream::read (105 bytes)
Event: 33.430 Thread 0x0000000055d87000 nmethod 4849 0x00000000033bba50 code [0x00000000033bbc00, 0x00000000033bc278]
Event: 33.431 Thread 0x0000000055d87000 4850   !   2       sun.nio.ch.FileChannelImpl::read (240 bytes)
Event: 33.431 Thread 0x0000000055d87000 nmethod 4850 0x00000000033c5ed0 code [0x00000000033c60e0, 0x00000000033c6868]
Event: 33.431 Thread 0x0000000055d87000 4851       2       sun.nio.ch.FileDispatcherImpl::read (8 bytes)
Event: 33.432 Thread 0x0000000055d87000 nmethod 4851 0x00000000033bb6d0 code [0x00000000033bb840, 0x00000000033bb9c8]
Event: 33.432 Thread 0x0000000055d87000 4853       2       java.lang.ThreadLocal$ThreadLocalMap::cleanSomeSlots (60 bytes)
Event: 33.433 Thread 0x0000000055d87000 nmethod 4853 0x00000000033c6f50 code [0x00000000033c70c0, 0x00000000033c7328]
Event: 33.434 Thread 0x0000000055d2a000 nmethod 4783 0x00000000033ca790 code [0x00000000033ca900, 0x00000000033caf58]

GC Heap History (10 events):
Event: 15.965 GC heap before
{Heap before GC invocations=9 (full 1):
 PSYoungGen      total 39424K, used 34101K [0x00000000e0000000, 0x00000000e4900000, 0x0000000100000000)
  eden space 30720K, 100% used [0x00000000e0000000,0x00000000e1e00000,0x00000000e1e00000)
  from space 8704K, 38% used [0x00000000e1e00000,0x00000000e214d5a0,0x00000000e2680000)
  to   space 8704K, 0% used [0x00000000e4080000,0x00000000e4080000,0x00000000e4900000)
 ParOldGen       total 38400K, used 12278K [0x00000000a0000000, 0x00000000a2580000, 0x00000000e0000000)
  object space 38400K, 31% used [0x00000000a0000000,0x00000000a0bfd860,0x00000000a2580000)
 Metaspace       used 26406K, capacity 26902K, committed 27136K, reserved 1073152K
  class space    used 3632K, capacity 3780K, committed 3840K, reserved 1048576K
Event: 15.978 GC heap after
Heap after GC invocations=9 (full 1):
 PSYoungGen      total 62976K, used 5489K [0x00000000e0000000, 0x00000000e4780000, 0x0000000100000000)
  eden space 55808K, 0% used [0x00000000e0000000,0x00000000e0000000,0x00000000e3680000)
  from space 7168K, 76% used [0x00000000e4080000,0x00000000e45dc710,0x00000000e4780000)
  to   space 8704K, 0% used [0x00000000e3680000,0x00000000e3680000,0x00000000e3f00000)
 ParOldGen       total 38400K, used 12278K [0x00000000a0000000, 0x00000000a2580000, 0x00000000e0000000)
  object space 38400K, 31% used [0x00000000a0000000,0x00000000a0bfd860,0x00000000a2580000)
 Metaspace       used 26406K, capacity 26902K, committed 27136K, reserved 1073152K
  class space    used 3632K, capacity 3780K, committed 3840K, reserved 1048576K
}
Event: 19.885 GC heap before
{Heap before GC invocations=10 (full 1):
 PSYoungGen      total 62976K, used 61297K [0x00000000e0000000, 0x00000000e4780000, 0x0000000100000000)
  eden space 55808K, 100% used [0x00000000e0000000,0x00000000e3680000,0x00000000e3680000)
  from space 7168K, 76% used [0x00000000e4080000,0x00000000e45dc710,0x00000000e4780000)
  to   space 8704K, 0% used [0x00000000e3680000,0x00000000e3680000,0x00000000e3f00000)
 ParOldGen       total 38400K, used 12278K [0x00000000a0000000, 0x00000000a2580000, 0x00000000e0000000)
  object space 38400K, 31% used [0x00000000a0000000,0x00000000a0bfd860,0x00000000a2580000)
 Metaspace       used 29849K, capacity 30492K, committed 30720K, reserved 1075200K
  class space    used 4075K, capacity 4246K, committed 4352K, reserved 1048576K
Event: 19.905 GC heap after
Heap after GC invocations=10 (full 1):
 PSYoungGen      total 64512K, used 6913K [0x00000000e0000000, 0x00000000e6200000, 0x0000000100000000)
  eden space 55808K, 0% used [0x00000000e0000000,0x00000000e0000000,0x00000000e3680000)
  from space 8704K, 79% used [0x00000000e3680000,0x00000000e3d40530,0x00000000e3f00000)
  to   space 9216K, 0% used [0x00000000e5900000,0x00000000e5900000,0x00000000e6200000)
 ParOldGen       total 38400K, used 12286K [0x00000000a0000000, 0x00000000a2580000, 0x00000000e0000000)
  object space 38400K, 31% used [0x00000000a0000000,0x00000000a0bff860,0x00000000a2580000)
 Metaspace       used 29849K, capacity 30492K, committed 30720K, reserved 1075200K
  class space    used 4075K, capacity 4246K, committed 4352K, reserved 1048576K
}
Event: 28.531 GC heap before
{Heap before GC invocations=11 (full 1):
 PSYoungGen      total 64512K, used 57419K [0x00000000e0000000, 0x00000000e6200000, 0x0000000100000000)
  eden space 55808K, 90% used [0x00000000e0000000,0x00000000e31528e8,0x00000000e3680000)
  from space 8704K, 79% used [0x00000000e3680000,0x00000000e3d40530,0x00000000e3f00000)
  to   space 9216K, 0% used [0x00000000e5900000,0x00000000e5900000,0x00000000e6200000)
 ParOldGen       total 38400K, used 12286K [0x00000000a0000000, 0x00000000a2580000, 0x00000000e0000000)
  object space 38400K, 31% used [0x00000000a0000000,0x00000000a0bff860,0x00000000a2580000)
 Metaspace       used 34613K, capacity 35286K, committed 35416K, reserved 1079296K
  class space    used 4598K, capacity 4778K, committed 4864K, reserved 1048576K
Event: 28.583 GC heap after
Heap after GC invocations=11 (full 1):
 PSYoungGen      total 89088K, used 8264K [0x00000000e0000000, 0x00000000e6180000, 0x0000000100000000)
  eden space 80384K, 0% used [0x00000000e0000000,0x00000000e0000000,0x00000000e4e80000)
  from space 8704K, 94% used [0x00000000e5900000,0x00000000e61120b0,0x00000000e6180000)
  to   space 9728K, 0% used [0x00000000e4e80000,0x00000000e4e80000,0x00000000e5800000)
 ParOldGen       total 38400K, used 15134K [0x00000000a0000000, 0x00000000a2580000, 0x00000000e0000000)
  object space 38400K, 39% used [0x00000000a0000000,0x00000000a0ec78f0,0x00000000a2580000)
 Metaspace       used 34613K, capacity 35286K, committed 35416K, reserved 1079296K
  class space    used 4598K, capacity 4778K, committed 4864K, reserved 1048576K
}
Event: 28.583 GC heap before
{Heap before GC invocations=12 (full 2):
 PSYoungGen      total 89088K, used 8264K [0x00000000e0000000, 0x00000000e6180000, 0x0000000100000000)
  eden space 80384K, 0% used [0x00000000e0000000,0x00000000e0000000,0x00000000e4e80000)
  from space 8704K, 94% used [0x00000000e5900000,0x00000000e61120b0,0x00000000e6180000)
  to   space 9728K, 0% used [0x00000000e4e80000,0x00000000e4e80000,0x00000000e5800000)
 ParOldGen       total 38400K, used 15134K [0x00000000a0000000, 0x00000000a2580000, 0x00000000e0000000)
  object space 38400K, 39% used [0x00000000a0000000,0x00000000a0ec78f0,0x00000000a2580000)
 Metaspace       used 34613K, capacity 35286K, committed 35416K, reserved 1079296K
  class space    used 4598K, capacity 4778K, committed 4864K, reserved 1048576K
Event: 28.809 GC heap after
Heap after GC invocations=12 (full 2):
 PSYoungGen      total 89088K, used 0K [0x00000000e0000000, 0x00000000e6180000, 0x0000000100000000)
  eden space 80384K, 0% used [0x00000000e0000000,0x00000000e0000000,0x00000000e4e80000)
  from space 8704K, 0% used [0x00000000e5900000,0x00000000e5900000,0x00000000e6180000)
  to   space 9728K, 0% used [0x00000000e4e80000,0x00000000e4e80000,0x00000000e5800000)
 ParOldGen       total 49152K, used 17275K [0x00000000a0000000, 0x00000000a3000000, 0x00000000e0000000)
  object space 49152K, 35% used [0x00000000a0000000,0x00000000a10def40,0x00000000a3000000)
 Metaspace       used 34587K, capacity 35198K, committed 35416K, reserved 1079296K
  class space    used 4590K, capacity 4770K, committed 4864K, reserved 1048576K
}
Event: 30.968 GC heap before
{Heap before GC invocations=13 (full 2):
 PSYoungGen      total 89088K, used 80384K [0x00000000e0000000, 0x00000000e6180000, 0x0000000100000000)
  eden space 80384K, 100% used [0x00000000e0000000,0x00000000e4e80000,0x00000000e4e80000)
  from space 8704K, 0% used [0x00000000e5900000,0x00000000e5900000,0x00000000e6180000)
  to   space 9728K, 0% used [0x00000000e4e80000,0x00000000e4e80000,0x00000000e5800000)
 ParOldGen       total 49152K, used 17275K [0x00000000a0000000, 0x00000000a3000000, 0x00000000e0000000)
  object space 49152K, 35% used [0x00000000a0000000,0x00000000a10def40,0x00000000a3000000)
 Metaspace       used 40298K, capacity 41100K, committed 41472K, reserved 1085440K
  class space    used 5287K, capacity 5513K, committed 5632K, reserved 1048576K
Event: 31.018 GC heap after
Heap after GC invocations=13 (full 2):
 PSYoungGen      total 90112K, used 8445K [0x00000000e0000000, 0x00000000e8500000, 0x0000000100000000)
  eden space 80384K, 0% used [0x00000000e0000000,0x00000000e0000000,0x00000000e4e80000)
  from space 9728K, 86% used [0x00000000e4e80000,0x00000000e56bf688,0x00000000e5800000)
  to   space 10752K, 0% used [0x00000000e7a80000,0x00000000e7a80000,0x00000000e8500000)
 ParOldGen       total 49152K, used 17283K [0x00000000a0000000, 0x00000000a3000000, 0x00000000e0000000)
  object space 49152K, 35% used [0x00000000a0000000,0x00000000a10e0f40,0x00000000a3000000)
 Metaspace       used 40298K, capacity 41100K, committed 41472K, reserved 1085440K
  class space    used 5287K, capacity 5513K, committed 5632K, reserved 1048576K
}

Deoptimization events (10 events):
Event: 32.871 Thread 0x0000000057f02800 Uncommon trap: reason=class_check action=maybe_recompile pc=0x0000000002fc3588 method=com.sun.org.apache.xerces.internal.util.ParserConfigurationSettings.getFeature(Ljava/lang/String;Z)Z @ 2
Event: 32.881 Thread 0x0000000057f02800 Uncommon trap: reason=bimorphic action=maybe_recompile pc=0x0000000002f8f114 method=com.sun.org.apache.xerces.internal.impl.XMLEntityManager$RewindableInputStream.read([BII)I @ 89
Event: 32.886 Thread 0x0000000057f02800 Uncommon trap: reason=bimorphic action=maybe_recompile pc=0x0000000002f8f114 method=com.sun.org.apache.xerces.internal.impl.XMLEntityManager$RewindableInputStream.read([BII)I @ 89
Event: 32.886 Thread 0x0000000057f02800 Uncommon trap: reason=unstable_if action=reinterpret pc=0x0000000002f0baf0 method=com.sun.org.apache.xerces.internal.utils.XMLLimitAnalyzer.addValue(ILjava/lang/String;I)V @ 68
Event: 32.886 Thread 0x0000000057f02800 Uncommon trap: reason=unstable_if action=reinterpret pc=0x0000000002ead500 method=com.sun.org.apache.xerces.internal.utils.XMLSecurityManager.isOverLimit(ILcom/sun/org/apache/xerces/internal/utils/XMLLimitAnalyzer;)Z @ 38
Event: 32.893 Thread 0x0000000057f02800 Uncommon trap: reason=bimorphic action=maybe_recompile pc=0x0000000002f8f114 method=com.sun.org.apache.xerces.internal.impl.XMLEntityManager$RewindableInputStream.read([BII)I @ 89
Event: 32.922 Thread 0x0000000057f02800 Uncommon trap: reason=bimorphic action=maybe_recompile pc=0x0000000002f8f114 method=com.sun.org.apache.xerces.internal.impl.XMLEntityManager$RewindableInputStream.read([BII)I @ 89
Event: 33.021 Thread 0x0000000057f02800 Uncommon trap: reason=unstable_if action=reinterpret pc=0x0000000002bb8358 method=java.util.WeakHashMap.remove(Ljava/lang/Object;)Ljava/lang/Object; @ 94
Event: 33.209 Thread 0x0000000057f02800 Uncommon trap: reason=unstable_if action=reinterpret pc=0x0000000002efc200 method=java.lang.CharacterDataLatin1.digit(II)I @ 31
Event: 33.236 Thread 0x0000000057f02800 Uncommon trap: reason=unstable_if action=reinterpret pc=0x0000000002eace98 method=java.lang.CharacterDataLatin1.digit(II)I @ 31

Internal exceptions (10 events):
Event: 31.848 Thread 0x0000000057f02800 Exception <a 'sun/nio/fs/WindowsException'> (0x00000000e1ead888) thrown at [C:\src\android\AOSP-openjdk\external\jetbrains\jdk\hotspot\src\share\vm\prims\jni.cpp, line 709]
Event: 31.848 Thread 0x0000000057f02800 Exception <a 'sun/nio/fs/WindowsException'> (0x00000000e1eae3b8) thrown at [C:\src\android\AOSP-openjdk\external\jetbrains\jdk\hotspot\src\share\vm\prims\jni.cpp, line 709]
Event: 31.849 Thread 0x0000000057f02800 Exception <a 'sun/nio/fs/WindowsException'> (0x00000000e1eaff30) thrown at [C:\src\android\AOSP-openjdk\external\jetbrains\jdk\hotspot\src\share\vm\prims\jni.cpp, line 709]
Event: 31.849 Thread 0x0000000057f02800 Exception <a 'sun/nio/fs/WindowsException'> (0x00000000e1eb0a98) thrown at [C:\src\android\AOSP-openjdk\external\jetbrains\jdk\hotspot\src\share\vm\prims\jni.cpp, line 709]
Event: 31.851 Thread 0x0000000057f02800 Exception <a 'sun/nio/fs/WindowsException'> (0x00000000e1eb74c0) thrown at [C:\src\android\AOSP-openjdk\external\jetbrains\jdk\hotspot\src\share\vm\prims\jni.cpp, line 709]
Event: 31.851 Thread 0x0000000057f02800 Exception <a 'sun/nio/fs/WindowsException'> (0x00000000e1eb7fd8) thrown at [C:\src\android\AOSP-openjdk\external\jetbrains\jdk\hotspot\src\share\vm\prims\jni.cpp, line 709]
Event: 31.851 Thread 0x0000000057f02800 Exception <a 'sun/nio/fs/WindowsException'> (0x00000000e1eb9b28) thrown at [C:\src\android\AOSP-openjdk\external\jetbrains\jdk\hotspot\src\share\vm\prims\jni.cpp, line 709]
Event: 31.851 Thread 0x0000000057f02800 Exception <a 'sun/nio/fs/WindowsException'> (0x00000000e1eba680) thrown at [C:\src\android\AOSP-openjdk\external\jetbrains\jdk\hotspot\src\share\vm\prims\jni.cpp, line 709]
Event: 31.923 Thread 0x0000000057f02800 Exception <a 'java/lang/ClassNotFoundException': com/sun/org/glassfish/hk2/osgiresourcelocator/ServiceLoader> (0x00000000e1f12f10) thrown at [C:\src\android\AOSP-openjdk\external\jetbrains\jdk\hotspot\src\share\vm\classfile\systemDictionary.cpp, line 210]
Event: 32.010 Thread 0x0000000057f02800 Exception <a 'java/lang/NullPointerException'> (0x00000000e1f47b38) thrown at [C:\src\android\AOSP-openjdk\external\jetbrains\jdk\hotspot\src\share\vm\interpreter\linkResolver.cpp, line 1280]

Events (10 events):
Event: 33.209 loading class javax/xml/bind/DatatypeConverterInterface done
Event: 33.209 loading class com/sun/xml/internal/bind/DatatypeConverterImpl done
Event: 33.209 Thread 0x0000000057f02800 Uncommon trap: trap_request=0xffffff65 fr.pc=0x0000000002efc200
Event: 33.209 Thread 0x0000000057f02800 DEOPT PACKING pc=0x0000000002efc200 sp=0x000000005a03bed0
Event: 33.209 Thread 0x0000000057f02800 DEOPT UNPACKING pc=0x00000000024a556a sp=0x000000005a03bd00 mode 2
Event: 33.212 loading class com/sun/xml/internal/bind/v2/runtime/unmarshaller/DefaultIDResolver$1
Event: 33.212 loading class com/sun/xml/internal/bind/v2/runtime/unmarshaller/DefaultIDResolver$1 done
Event: 33.236 Thread 0x0000000057f02800 Uncommon trap: trap_request=0xffffff65 fr.pc=0x0000000002eace98
Event: 33.236 Thread 0x0000000057f02800 DEOPT PACKING pc=0x0000000002eace98 sp=0x000000005a03bdd0
Event: 33.236 Thread 0x0000000057f02800 DEOPT UNPACKING pc=0x00000000024a556a sp=0x000000005a03bd40 mode 2


Dynamic libraries:
0x000000013f7b0000 - 0x000000013f7e1000 	C:\Program Files\Android\Android Studio1\jre\bin\java.exe
0x0000000077100000 - 0x00000000772a9000 	C:\Windows\SYSTEM32\ntdll.dll
0x0000000076fe0000 - 0x00000000770ff000 	C:\Windows\system32\kernel32.dll
0x000007fefd390000 - 0x000007fefd3fb000 	C:\Windows\system32\KERNELBASE.dll
0x000007fefdeb0000 - 0x000007fefdf8b000 	C:\Windows\system32\ADVAPI32.dll
0x000007fefdad0000 - 0x000007fefdb6f000 	C:\Windows\system32\msvcrt.dll
0x000007fefdab0000 - 0x000007fefdacf000 	C:\Windows\SYSTEM32\sechost.dll
0x000007feff2c0000 - 0x000007feff3ed000 	C:\Windows\system32\RPCRT4.dll
0x0000000076ee0000 - 0x0000000076fda000 	C:\Windows\system32\USER32.dll
0x000007feff070000 - 0x000007feff0d7000 	C:\Windows\system32\GDI32.dll
0x000007fefe0d0000 - 0x000007fefe0de000 	C:\Windows\system32\LPK.dll
0x000007fefdde0000 - 0x000007fefdea9000 	C:\Windows\system32\USP10.dll
0x000007fefbb00000 - 0x000007fefbcf4000 	C:\Windows\WinSxS\amd64_microsoft.windows.common-controls_6595b64144ccf1df_6.0.7601.17514_none_fa396087175ac9ac\COMCTL32.dll
0x000007fefd420000 - 0x000007fefd491000 	C:\Windows\system32\SHLWAPI.dll
0x000007fefe0a0000 - 0x000007fefe0ce000 	C:\Windows\system32\IMM32.DLL
0x000007fefdf90000 - 0x000007fefe099000 	C:\Windows\system32\MSCTF.dll
0x0000000070760000 - 0x0000000070832000 	C:\Program Files\Android\Android Studio1\jre\jre\bin\msvcr100.dll
0x00000000709c0000 - 0x00000000711fc000 	C:\Program Files\Android\Android Studio1\jre\jre\bin\server\jvm.dll
0x000007fef3180000 - 0x000007fef3189000 	C:\Windows\system32\WSOCK32.dll
0x000007fefe0e0000 - 0x000007fefe12d000 	C:\Windows\system32\WS2_32.dll
0x000007fefd920000 - 0x000007fefd928000 	C:\Windows\system32\NSI.dll
0x000007fefa2d0000 - 0x000007fefa30b000 	C:\Windows\system32\WINMM.dll
0x000007fefc190000 - 0x000007fefc19c000 	C:\Windows\system32\VERSION.dll
0x00000000772c0000 - 0x00000000772c7000 	C:\Windows\system32\PSAPI.DLL
0x000007fef8b90000 - 0x000007fef8b9f000 	C:\Program Files\Android\Android Studio1\jre\jre\bin\verify.dll
0x000007fef4460000 - 0x000007fef4489000 	C:\Program Files\Android\Android Studio1\jre\jre\bin\java.dll
0x000007fef8a00000 - 0x000007fef8a16000 	C:\Program Files\Android\Android Studio1\jre\jre\bin\zip.dll
0x000007fefe2e0000 - 0x000007feff068000 	C:\Windows\system32\SHELL32.dll
0x000007fefdb70000 - 0x000007fefdd73000 	C:\Windows\system32\ole32.dll
0x000007fefd050000 - 0x000007fefd05f000 	C:\Windows\system32\profapi.dll
0x000007fef4440000 - 0x000007fef445a000 	C:\Program Files\Android\Android Studio1\jre\jre\bin\net.dll
0x000007fefc880000 - 0x000007fefc8d5000 	C:\Windows\system32\mswsock.dll
0x000007fefc870000 - 0x000007fefc877000 	C:\Windows\System32\wship6.dll
0x000007fef4320000 - 0x000007fef4331000 	C:\Program Files\Android\Android Studio1\jre\jre\bin\nio.dll
0x000007fef8950000 - 0x000007fef896e000 	C:\Users\PB\.gradle\native\23\windows-amd64\native-platform.dll
0x000007fefc8e0000 - 0x000007fefc8f7000 	C:\Windows\system32\CRYPTSP.dll
0x000007fefc5e0000 - 0x000007fefc627000 	C:\Windows\system32\rsaenh.dll
0x000007fefc390000 - 0x000007fefc3ae000 	C:\Windows\system32\USERENV.dll
0x000007fefcf80000 - 0x000007fefcf8f000 	C:\Windows\system32\CRYPTBASE.dll
0x000007fefaf10000 - 0x000007fefaf37000 	C:\Windows\system32\IPHLPAPI.DLL
0x000007fefaf60000 - 0x000007fefaf6b000 	C:\Windows\system32\WINNSI.DLL
0x000007fefad60000 - 0x000007fefad71000 	C:\Windows\system32\dhcpcsvc6.DLL
0x000007fefad40000 - 0x000007fefad58000 	C:\Windows\system32\dhcpcsvc.DLL
0x000007fef8970000 - 0x000007fef897d000 	C:\Program Files\Android\Android Studio1\jre\jre\bin\management.dll
0x000007fefcf20000 - 0x000007fefcf77000 	C:\Windows\system32\apphelp.dll
0x000007fef8a40000 - 0x000007fef8b65000 	C:\Windows\system32\dbghelp.dll

VM Arguments:
jvm_args: -Xmx1536m -Dfile.encoding=windows-1252 -Duser.country=FR -Duser.language=fr -Duser.variant 
java_command: org.gradle.launcher.daemon.bootstrap.GradleDaemon 3.3
java_class_path (initial): C:\Users\PB\.gradle\wrapper\dists\gradle-3.3-all\55gk2rcmfc6p2dg9u9ohc3hw9\gradle-3.3\lib\gradle-launcher-3.3.jar
Launcher Type: SUN_STANDARD

Environment Variables:
PATH=C:\ProgramData\Oracle\Java\javapath;C:\Ruby22-x64\bin;C:\Program Files (x86)\NVIDIA Corporation\PhysX\Common;C:\Windows\system32;C:\Windows;C:\Windows\System32\Wbem;C:\Windows\System32\WindowsPowerShell\v1.0\;C:\Program Files (x86)\Brackets\command
USERNAME=PB
OS=Windows_NT
PROCESSOR_IDENTIFIER=Intel64 Family 6 Model 23 Stepping 10, GenuineIntel



---------------  S Y S T E M  ---------------

OS: Windows 7 , 64 bit Build 7601 (6.1.7601.17514)

CPU:total 2 (2 cores per cpu, 1 threads per core) family 6 model 23 stepping 10, cmov, cx8, fxsr, mmx, sse, sse2, sse3, ssse3, tsc

Memory: 4k page, physical 4193524k(2321284k free), swap 8385204k(4080876k free)

vm_info: OpenJDK 64-Bit Server VM (25.112-b06) for windows-amd64 JRE (1.8.0_112-release-b06), built on Dec  8 2016 00:54:26 by "builder" with MS VC++ 10.0 (VS2010)

time: Mon May 08 21:29:10 2017
elapsed time: 33 seconds (0d 0h 0m 33s)

