#
# A fatal error has been detected by the Java Runtime Environment:
#
#  EXCEPTION_ACCESS_VIOLATION (0xc0000005) at pc=0xffffffffa44a5120, pid=3856, tid=0x00000000000000f0
#
# JRE version: OpenJDK Runtime Environment (8.0_112-b06) (build 1.8.0_112-release-b06)
# Java VM: OpenJDK 64-Bit Server VM (25.112-b06 mixed mode windows-amd64 compressed oops)
# Problematic frame:
# C  0xffffffffa44a5120
#
# Failed to write core dump. Minidumps are not enabled by default on client versions of Windows
#
# If you would like to submit a bug report, please visit:
#   http://bugreport.java.com/bugreport/crash.jsp
#

---------------  T H R E A D  ---------------

Current thread (0x000000005c362800):  JavaThread "pool-15-thread-1" [_thread_in_Java, id=240, stack(0x0000000061390000,0x0000000061490000)]

siginfo: ExceptionCode=0xc0000005, ExceptionInformation=0x0000000000000008 0xffffffffa44a5120

Registers:
RAX=0x00000000000000a7, RBX=0x0000000015c55528, RCX=0x0000000015c55528, RDX=0x00000000e131e3e8
RSP=0x000000006148ed08, RBP=0x000000006148eeb8, RSI=0x00000000e15db940, RDI=0x0000000000000001
R8 =0x00000000e15db940, R9 =0x00000000ebacc360, R10=0x00000000eba85a90, R11=0x00000000eba86030
R12=0x0000000000000000, R13=0x00000000e1538be8, R14=0x000000006148ed50, R15=0x000000005c362800
RIP=0xffffffffa44a5120, EFLAGS=0x0000000000010202

Top of Stack: (sp=0x000000006148ed08)
0x000000006148ed08:   0000000003d2288c 00000000e1538be8
0x000000006148ed18:   0000000004fca670 00000000e15db7d0
0x000000006148ed28:   00000000e15db800 0000000000000000
0x000000006148ed38:   00000000ebb26dc0 00000000e15db940
0x000000006148ed48:   00000000e15db3c8 000000006148eeb8
0x000000006148ed58:   0000000004fca670 00000000e1538be8
0x000000006148ed68:   00000000e15db940 00000000ebacc360
0x000000006148ed78:   0000000000000000 00000000e1538be8
0x000000006148ed88:   0000000060b1f1a8 000000006148eeb8
0x000000006148ed98:   0000000004fd7034 0000000000000075
0x000000006148eda8:   0000000060b1f1a8 ffffffffffffffff
0x000000006148edb8:   00000000609a9f30 000000005c362800
0x000000006148edc8:   000000006148ef68 000000006148ef08
0x000000006148edd8:   0000000000000000 00000000000033d0
0x000000006148ede8:   00000000ebaa1e28 00000000e1538c10
0x000000006148edf8:   0000000061d86000 00000000e1538be8 

Instructions: (pc=0xffffffffa44a5120)
0xffffffffa44a5100:   
[error occurred during error reporting (printing registers, top of stack, instructions near pc), id 0xc0000005]

Register to memory mapping:

RAX=0x00000000000000a7 is an unknown value
RBX=0x0000000015c55528 is pointing into metadata
RCX=0x0000000015c55528 is pointing into metadata
RDX=0x00000000e131e3e8 is an oop
com.android.dx.rop.code.RegisterSpecList 
 - klass: 'com/android/dx/rop/code/RegisterSpecList'
RSP=0x000000006148ed08 is pointing into the stack for thread: 0x000000005c362800
RBP=0x000000006148eeb8 is pointing into the stack for thread: 0x000000005c362800
RSI=0x00000000e15db940 is an oop
com.android.dx.dex.code.CstInsn 
 - klass: 'com/android/dx/dex/code/CstInsn'
RDI=0x0000000000000001 is an unknown value
R8 =0x00000000e15db940 is an oop
com.android.dx.dex.code.CstInsn 
 - klass: 'com/android/dx/dex/code/CstInsn'
R9 =0x00000000ebacc360 is an oop
com.android.dx.dex.code.Dop 
 - klass: 'com/android/dx/dex/code/Dop'
R10=0x00000000eba85a90 is an oop
com.android.dx.dex.DexOptions 
 - klass: 'com/android/dx/dex/DexOptions'
R11=0x00000000eba86030 is an oop
com.android.dx.dex.code.form.Form35c 
 - klass: 'com/android/dx/dex/code/form/Form35c'
R12=0x0000000000000000 is an unknown value
R13=0x00000000e1538be8 is an oop
com.android.dx.dex.code.OutputFinisher 
 - klass: 'com/android/dx/dex/code/OutputFinisher'
R14=0x000000006148ed50 is pointing into the stack for thread: 0x000000005c362800
R15=0x000000005c362800 is a thread


Stack: [0x0000000061390000,0x0000000061490000],  sp=0x000000006148ed08,  free space=1019k
Native frames: (J=compiled Java code, j=interpreted, Vv=VM code, C=native code)
C  0xffffffffa44a5120


---------------  P R O C E S S  ---------------

Java Threads: ( => current thread )
=>0x000000005c362800 JavaThread "pool-15-thread-1" [_thread_in_Java, id=240, stack(0x0000000061390000,0x0000000061490000)]
  0x000000005c362000 JavaThread "pool-13-thread-3" [_thread_blocked, id=3588, stack(0x0000000061160000,0x0000000061260000)]
  0x000000005c35c000 JavaThread "pool-13-thread-2" [_thread_blocked, id=1976, stack(0x0000000060f60000,0x0000000061060000)]
  0x00000000593b4800 JavaThread "pool-13-thread-1" [_thread_blocked, id=3120, stack(0x000000005b480000,0x000000005b580000)]
  0x00000000593b1800 JavaThread "pool-10-thread-2" [_thread_blocked, id=2104, stack(0x0000000060d30000,0x0000000060e30000)]
  0x00000000593b3800 JavaThread "pool-10-thread-1" [_thread_blocked, id=3988, stack(0x0000000060ba0000,0x0000000060ca0000)]
  0x00000000593ae800 JavaThread "Cache update executor" [_thread_blocked, id=2172, stack(0x000000005e4a0000,0x000000005e5a0000)]
  0x00000000593b3000 JavaThread "Stdin handler" [_thread_blocked, id=2956, stack(0x0000000059900000,0x0000000059a00000)]
  0x00000000593b0000 JavaThread "Asynchronous log dispatcher for DefaultDaemonConnection: socket connection from /127.0.0.1:51154 to /127.0.0.1:51263" [_thread_blocked, id=2660, stack(0x000000005a020000,0x000000005a120000)]
  0x00000000593ad800 JavaThread "Daemon worker Thread 4" [_thread_blocked, id=2984, stack(0x0000000059ea0000,0x0000000059fa0000)]
  0x00000000593af000 JavaThread "Cancel handler" [_thread_blocked, id=3748, stack(0x0000000059bb0000,0x0000000059cb0000)]
  0x00000000590f8800 JavaThread "Handler for socket connection from /127.0.0.1:51154 to /127.0.0.1:51263" [_thread_in_native, id=3688, stack(0x0000000059cb0000,0x0000000059db0000)]
  0x00000000590f8000 JavaThread "Daemon Thread 4" [_thread_blocked, id=2952, stack(0x00000000578b0000,0x00000000579b0000)]
  0x0000000058ba8000 JavaThread "File lock request listener" [_thread_in_native, id=2668, stack(0x000000005b590000,0x000000005b690000)]
  0x00000000589bb800 JavaThread "pool-1-thread-1" [_thread_blocked, id=3824, stack(0x0000000059ab0000,0x0000000059bb0000)]
  0x00000000588c1000 JavaThread "Incoming local TCP Connector on port 51154" [_thread_in_native, id=500, stack(0x00000000581f0000,0x00000000582f0000)]
  0x0000000055c88800 JavaThread "Service Thread" daemon [_thread_blocked, id=2816, stack(0x00000000575d0000,0x00000000576d0000)]
  0x0000000055c82000 JavaThread "C1 CompilerThread1" daemon [_thread_blocked, id=2408, stack(0x0000000056fe0000,0x00000000570e0000)]
  0x0000000055c28000 JavaThread "C2 CompilerThread0" daemon [_thread_blocked, id=3668, stack(0x0000000056e60000,0x0000000056f60000)]
  0x0000000055c27000 JavaThread "Attach Listener" daemon [_thread_blocked, id=2328, stack(0x0000000056d30000,0x0000000056e30000)]
  0x0000000055c25800 JavaThread "Signal Dispatcher" daemon [_thread_blocked, id=3992, stack(0x0000000056bc0000,0x0000000056cc0000)]
  0x0000000055c0e000 JavaThread "Finalizer" daemon [_thread_blocked, id=2416, stack(0x0000000056aa0000,0x0000000056ba0000)]
  0x0000000055bc4800 JavaThread "Reference Handler" daemon [_thread_blocked, id=2436, stack(0x00000000568b0000,0x00000000569b0000)]
  0x0000000001d6d800 JavaThread "main" [_thread_blocked, id=3452, stack(0x00000000020d0000,0x00000000021d0000)]

Other Threads:
  0x0000000055bba800 VMThread [stack: 0x0000000056670000,0x0000000056770000] [id=3104]
  0x00000000570e2000 WatcherThread [stack: 0x0000000057740000,0x0000000057840000] [id=2332]

VM state:not at safepoint (normal execution)

VM Mutex/Monitor currently owned by a thread: None

Heap:
 PSYoungGen      total 180736K, used 66933K [0x00000000e0000000, 0x00000000ef180000, 0x0000000100000000)
  eden space 152064K, 25% used [0x00000000e0000000,0x00000000e2562be0,0x00000000e9480000)
  from space 28672K, 99% used [0x00000000eba80000,0x00000000ed67abb8,0x00000000ed680000)
  to   space 38912K, 0% used [0x00000000e9480000,0x00000000e9480000,0x00000000eba80000)
 ParOldGen       total 114176K, used 70083K [0x00000000a0000000, 0x00000000a6f80000, 0x00000000e0000000)
  object space 114176K, 61% used [0x00000000a0000000,0x00000000a4470ea0,0x00000000a6f80000)
 Metaspace       used 72571K, capacity 76442K, committed 76800K, reserved 1116160K
  class space    used 9473K, capacity 10197K, committed 10240K, reserved 1048576K

Card table byte_map: [0x0000000011860000,0x0000000011b70000] byte_map_base: 0x0000000011360000

Marking Bits: (ParMarkBitMap*) 0x00000000677e18f0
 Begin Bits: [0x0000000011f90000, 0x0000000013790000)
 End Bits:   [0x0000000013790000, 0x0000000014f90000)

Polling page: 0x0000000000110000

CodeCache: size=245760Kb used=44182Kb max_used=44184Kb free=201577Kb
 bounds [0x00000000024a0000, 0x0000000005000000, 0x00000000114a0000]
 total_blobs=13597 nmethods=12807 adapters=702
 compilation: enabled

Compilation events (10 events):
Event: 1459.947 Thread 0x0000000055c28000 15373       4       com.android.dx.dex.code.StdCatchBuilder::handlersFor (216 bytes)
Event: 1459.950 Thread 0x0000000055c28000 nmethod 15373 0x0000000004fe69d0 code [0x0000000004fe6b20, 0x0000000004fe6cf8]
Event: 1459.950 Thread 0x0000000055c28000 15374       4       com.android.dx.dex.code.TargetInsn::getTargetOffset (13 bytes)
Event: 1459.951 Thread 0x0000000055c82000 nmethod 15372 0x0000000004ff7150 code [0x0000000004ff7660, 0x0000000004ffb0c8]
Event: 1459.951 Thread 0x0000000055c28000 nmethod 15374 0x0000000004fdd050 code [0x0000000004fdd180, 0x0000000004fdd218]
Event: 1459.952 Thread 0x0000000055c82000 15375       3       com.android.dx.dex.code.CstInsn::setClassIndex (37 bytes)
Event: 1459.953 Thread 0x0000000055c82000 nmethod 15375 0x0000000004fedf10 code [0x0000000004fee0a0, 0x0000000004fee3d8]
Event: 1459.953 Thread 0x0000000055c82000 15376       3       com.android.dx.dex.code.form.Form35c::wordCount (74 bytes)
Event: 1459.954 Thread 0x0000000055c82000 nmethod 15376 0x0000000004ff5e90 code [0x0000000004ff6080, 0x0000000004ff6cc8]
Event: 1459.954 Thread 0x0000000055c82000 15377       3       com.android.dx.dex.code.form.Form35c::isCompatible (72 bytes)

GC Heap History (10 events):
Event: 1165.131 GC heap before
{Heap before GC invocations=23 (full 3):
 PSYoungGen      total 163328K, used 141376K [0x00000000e0000000, 0x00000000ec380000, 0x0000000100000000)
  eden space 136704K, 100% used [0x00000000e0000000,0x00000000e8580000,0x00000000e8580000)
  from space 26624K, 17% used [0x00000000e8580000,0x00000000e8a10030,0x00000000e9f80000)
  to   space 26112K, 0% used [0x00000000eaa00000,0x00000000eaa00000,0x00000000ec380000)
 ParOldGen       total 114176K, used 53235K [0x00000000a0000000, 0x00000000a6f80000, 0x00000000e0000000)
  object space 114176K, 46% used [0x00000000a0000000,0x00000000a33fcd20,0x00000000a6f80000)
 Metaspace       used 61188K, capacity 64438K, committed 64768K, reserved 1105920K
  class space    used 8224K, capacity 8863K, committed 8960K, reserved 1048576K
Event: 1165.151 GC heap after
Heap after GC invocations=23 (full 3):
 PSYoungGen      total 167936K, used 7856K [0x00000000e0000000, 0x00000000ebf80000, 0x0000000100000000)
  eden space 145920K, 0% used [0x00000000e0000000,0x00000000e0000000,0x00000000e8e80000)
  from space 22016K, 35% used [0x00000000eaa00000,0x00000000eb1ac040,0x00000000ebf80000)
  to   space 25088K, 0% used [0x00000000e8e80000,0x00000000e8e80000,0x00000000ea700000)
 ParOldGen       total 114176K, used 53235K [0x00000000a0000000, 0x00000000a6f80000, 0x00000000e0000000)
  object space 114176K, 46% used [0x00000000a0000000,0x00000000a33fcd20,0x00000000a6f80000)
 Metaspace       used 61188K, capacity 64438K, committed 64768K, reserved 1105920K
  class space    used 8224K, capacity 8863K, committed 8960K, reserved 1048576K
}
Event: 1435.679 GC heap before
{Heap before GC invocations=24 (full 3):
 PSYoungGen      total 167936K, used 153776K [0x00000000e0000000, 0x00000000ebf80000, 0x0000000100000000)
  eden space 145920K, 100% used [0x00000000e0000000,0x00000000e8e80000,0x00000000e8e80000)
  from space 22016K, 35% used [0x00000000eaa00000,0x00000000eb1ac040,0x00000000ebf80000)
  to   space 25088K, 0% used [0x00000000e8e80000,0x00000000e8e80000,0x00000000ea700000)
 ParOldGen       total 114176K, used 53235K [0x00000000a0000000, 0x00000000a6f80000, 0x00000000e0000000)
  object space 114176K, 46% used [0x00000000a0000000,0x00000000a33fcd20,0x00000000a6f80000)
 Metaspace       used 62078K, capacity 65614K, committed 65920K, reserved 1105920K
  class space    used 8330K, capacity 9005K, committed 9088K, reserved 1048576K
Event: 1435.707 GC heap after
Heap after GC invocations=24 (full 3):
 PSYoungGen      total 171008K, used 9192K [0x00000000e0000000, 0x00000000ec400000, 0x0000000100000000)
  eden space 145920K, 0% used [0x00000000e0000000,0x00000000e0000000,0x00000000e8e80000)
  from space 25088K, 36% used [0x00000000e8e80000,0x00000000e977a358,0x00000000ea700000)
  to   space 23552K, 0% used [0x00000000ead00000,0x00000000ead00000,0x00000000ec400000)
 ParOldGen       total 114176K, used 53243K [0x00000000a0000000, 0x00000000a6f80000, 0x00000000e0000000)
  object space 114176K, 46% used [0x00000000a0000000,0x00000000a33fed20,0x00000000a6f80000)
 Metaspace       used 62078K, capacity 65614K, committed 65920K, reserved 1105920K
  class space    used 8330K, capacity 9005K, committed 9088K, reserved 1048576K
}
Event: 1447.052 GC heap before
{Heap before GC invocations=25 (full 3):
 PSYoungGen      total 171008K, used 154463K [0x00000000e0000000, 0x00000000ec400000, 0x0000000100000000)
  eden space 145920K, 99% used [0x00000000e0000000,0x00000000e8dddbb0,0x00000000e8e80000)
  from space 25088K, 36% used [0x00000000e8e80000,0x00000000e977a358,0x00000000ea700000)
  to   space 23552K, 0% used [0x00000000ead00000,0x00000000ead00000,0x00000000ec400000)
 ParOldGen       total 114176K, used 53243K [0x00000000a0000000, 0x00000000a6f80000, 0x00000000e0000000)
  object space 114176K, 46% used [0x00000000a0000000,0x00000000a33fed20,0x00000000a6f80000)
 Metaspace       used 68712K, capacity 72442K, committed 72576K, reserved 1112064K
  class space    used 9126K, capacity 9841K, committed 9856K, reserved 1048576K
Event: 1447.154 GC heap after
Heap after GC invocations=25 (full 3):
 PSYoungGen      total 176128K, used 15972K [0x00000000e0000000, 0x00000000ec700000, 0x0000000100000000)
  eden space 152576K, 0% used [0x00000000e0000000,0x00000000e0000000,0x00000000e9500000)
  from space 23552K, 67% used [0x00000000ead00000,0x00000000ebc991b0,0x00000000ec400000)
  to   space 24576K, 0% used [0x00000000e9500000,0x00000000e9500000,0x00000000ead00000)
 ParOldGen       total 114176K, used 53251K [0x00000000a0000000, 0x00000000a6f80000, 0x00000000e0000000)
  object space 114176K, 46% used [0x00000000a0000000,0x00000000a3400d20,0x00000000a6f80000)
 Metaspace       used 68712K, capacity 72442K, committed 72576K, reserved 1112064K
  class space    used 9126K, capacity 9841K, committed 9856K, reserved 1048576K
}
Event: 1454.377 GC heap before
{Heap before GC invocations=26 (full 3):
 PSYoungGen      total 176128K, used 168548K [0x00000000e0000000, 0x00000000ec700000, 0x0000000100000000)
  eden space 152576K, 100% used [0x00000000e0000000,0x00000000e9500000,0x00000000e9500000)
  from space 23552K, 67% used [0x00000000ead00000,0x00000000ebc991b0,0x00000000ec400000)
  to   space 24576K, 0% used [0x00000000e9500000,0x00000000e9500000,0x00000000ead00000)
 ParOldGen       total 114176K, used 53251K [0x00000000a0000000, 0x00000000a6f80000, 0x00000000e0000000)
  object space 114176K, 46% used [0x00000000a0000000,0x00000000a3400d20,0x00000000a6f80000)
 Metaspace       used 72026K, capacity 75928K, committed 76032K, reserved 1116160K
  class space    used 9451K, capacity 10196K, committed 10240K, reserved 1048576K
Event: 1454.443 GC heap after
Heap after GC invocations=26 (full 3):
 PSYoungGen      total 177152K, used 24545K [0x00000000e0000000, 0x00000000ed680000, 0x0000000100000000)
  eden space 152576K, 0% used [0x00000000e0000000,0x00000000e0000000,0x00000000e9500000)
  from space 24576K, 99% used [0x00000000e9500000,0x00000000eacf8708,0x00000000ead00000)
  to   space 28672K, 0% used [0x00000000eba80000,0x00000000eba80000,0x00000000ed680000)
 ParOldGen       total 114176K, used 54124K [0x00000000a0000000, 0x00000000a6f80000, 0x00000000e0000000)
  object space 114176K, 47% used [0x00000000a0000000,0x00000000a34db1c8,0x00000000a6f80000)
 Metaspace       used 72026K, capacity 75928K, committed 76032K, reserved 1116160K
  class space    used 9451K, capacity 10196K, committed 10240K, reserved 1048576K
}
Event: 1458.184 GC heap before
{Heap before GC invocations=27 (full 3):
 PSYoungGen      total 177152K, used 177121K [0x00000000e0000000, 0x00000000ed680000, 0x0000000100000000)
  eden space 152576K, 100% used [0x00000000e0000000,0x00000000e9500000,0x00000000e9500000)
  from space 24576K, 99% used [0x00000000e9500000,0x00000000eacf8708,0x00000000ead00000)
  to   space 28672K, 0% used [0x00000000eba80000,0x00000000eba80000,0x00000000ed680000)
 ParOldGen       total 114176K, used 54124K [0x00000000a0000000, 0x00000000a6f80000, 0x00000000e0000000)
  object space 114176K, 47% used [0x00000000a0000000,0x00000000a34db1c8,0x00000000a6f80000)
 Metaspace       used 72509K, capacity 76378K, committed 76544K, reserved 1116160K
  class space    used 9471K, capacity 10197K, committed 10240K, reserved 1048576K
Event: 1458.330 GC heap after
Heap after GC invocations=27 (full 3):
 PSYoungGen      total 180736K, used 28650K [0x00000000e0000000, 0x00000000ef180000, 0x0000000100000000)
  eden space 152064K, 0% used [0x00000000e0000000,0x00000000e0000000,0x00000000e9480000)
  from space 28672K, 99% used [0x00000000eba80000,0x00000000ed67abb8,0x00000000ed680000)
  to   space 38912K, 0% used [0x00000000e9480000,0x00000000e9480000,0x00000000eba80000)
 ParOldGen       total 114176K, used 70083K [0x00000000a0000000, 0x00000000a6f80000, 0x00000000e0000000)
  object space 114176K, 61% used [0x00000000a0000000,0x00000000a4470ea0,0x00000000a6f80000)
 Metaspace       used 72509K, capacity 76378K, committed 76544K, reserved 1116160K
  class space    used 9471K, capacity 10197K, committed 10240K, reserved 1048576K
}

Deoptimization events (10 events):
Event: 1453.430 Thread 0x00000000593b4800 Uncommon trap: reason=class_check action=maybe_recompile pc=0x0000000002ca8eac method=java.util.concurrent.locks.ReentrantLock.lock()V @ 4
Event: 1454.213 Thread 0x000000005c362000 Uncommon trap: reason=unstable_if action=reinterpret pc=0x0000000003c58b60 method=java.util.BitSet.nextSetBit(I)I @ 87
Event: 1455.097 Thread 0x000000005c35e000 Uncommon trap: reason=bimorphic action=maybe_recompile pc=0x0000000003dde480 method=java.util.Collections$UnmodifiableCollection.size()I @ 4
Event: 1456.527 Thread 0x000000005c35d800 Uncommon trap: reason=unstable_if action=reinterpret pc=0x00000000047a52e8 method=java.util.BitSet.ensureCapacity(I)V @ 6
Event: 1456.529 Thread 0x000000005c35d800 Uncommon trap: reason=class_check action=maybe_recompile pc=0x0000000004dd001c method=com.android.dx.ssa.NormalSsaInsn.accept(Lcom/android/dx/ssa/SsaInsn$Visitor;)V @ 9
Event: 1456.529 Thread 0x000000005c35d800 Uncommon trap: reason=class_check action=maybe_recompile pc=0x0000000004dd001c method=com.android.dx.ssa.NormalSsaInsn.accept(Lcom/android/dx/ssa/SsaInsn$Visitor;)V @ 9
Event: 1456.531 Thread 0x000000005c35d800 Uncommon trap: reason=class_check action=maybe_recompile pc=0x0000000004dd001c method=com.android.dx.ssa.NormalSsaInsn.accept(Lcom/android/dx/ssa/SsaInsn$Visitor;)V @ 9
Event: 1456.531 Thread 0x000000005c35d800 Uncommon trap: reason=class_check action=maybe_recompile pc=0x0000000004dd001c method=com.android.dx.ssa.NormalSsaInsn.accept(Lcom/android/dx/ssa/SsaInsn$Visitor;)V @ 9
Event: 1456.532 Thread 0x000000005c35d800 Uncommon trap: reason=class_check action=maybe_recompile pc=0x000000000423f6ec method=com.android.dx.ssa.NormalSsaInsn.accept(Lcom/android/dx/ssa/SsaInsn$Visitor;)V @ 9
Event: 1459.010 Thread 0x000000005c362800 Uncommon trap: reason=bimorphic action=maybe_recompile pc=0x0000000004ad5d44 method=java.util.concurrent.locks.AbstractQueuedSynchronizer.acquireQueued(Ljava/util/concurrent/locks/AbstractQueuedSynchronizer$Node;I)Z @ 22

Internal exceptions (10 events):
Event: 1435.388 Thread 0x00000000593ad800 Exception <a 'java/lang/ClassNotFoundException': com/android/build/gradle/tasks/CheckManifestInInstantRunModeCustomizer> (0x00000000e8480668) thrown at [C:\src\android\AOSP-openjdk\external\jetbrains\jdk\hotspot\src\share\vm\classfile\systemDictionary.cpp,
Event: 1435.389 Thread 0x00000000593ad800 Exception <a 'java/lang/ClassNotFoundException': com/android/build/gradle/tasks/CheckManifestInInstantRunMode_DecoratedCustomizer> (0x00000000e84ac4f8) thrown at [C:\src\android\AOSP-openjdk\external\jetbrains\jdk\hotspot\src\share\vm\classfile\systemDictitò˙£mñ@
Event: 1435.410 Thread 0x00000000593ad800 Exception <a 'java/lang/ClassNotFoundException': com/android/build/gradle/tasks/fd/GenerateInstantRunAppInfoTask_DecoratedBeanInfo> (0x00000000e85db220) thrown at [C:\src\android\AOSP-openjdk\external\jetbrains\jdk\hotspot\src\share\vm\classfile\systemDict÷tu§mñ@
Event: 1435.411 Thread 0x00000000593ad800 Exception <a 'java/lang/ClassNotFoundException': com/android/build/gradle/tasks/fd/GenerateInstantRunAppInfoTaskBeanInfo> (0x00000000e85f0db8) thrown at [C:\src\android\AOSP-openjdk\external\jetbrains\jdk\hotspot\src\share\vm\classfile\systemDictionary.cppú∑kÌ§mñ@
Event: 1435.411 Thread 0x00000000593ad800 Exception <a 'java/lang/ClassNotFoundException': com/android/build/gradle/tasks/fd/GenerateInstantRunAppInfoTaskCustomizer> (0x00000000e8606d78) thrown at [C:\src\android\AOSP-openjdk\external\jetbrains\jdk\hotspot\src\share\vm\classfile\systemDictionary.c’ì¶mñ@
Event: 1435.412 Thread 0x00000000593ad800 Exception <a 'java/lang/ClassNotFoundException': com/android/build/gradle/tasks/fd/GenerateInstantRunAppInfoTask_DecoratedCustomizer> (0x00000000e8632e78) thrown at [C:\src\android\AOSP-openjdk\external\jetbrains\jdk\hotspot\src\share\vm\classfile\systemDiÔ-{LÚnñ@
Event: 1435.737 Thread 0x00000000593ad800 Implicit null exception at 0x00000000035f40ea to 0x00000000035f5175
Event: 1438.140 Thread 0x00000000593ad800 Implicit null exception at 0x00000000033c16c8 to 0x00000000033c28fd
Event: 1446.377 Thread 0x00000000593ad800 Exception <a 'java/lang/NoSuchMethodError': java.lang.Object.lambda$asRunnable$0(Lcom/android/apkzlib/utils/IOExceptionRunnable;)V> (0x00000000e726d028) thrown at [C:\src\android\AOSP-openjdk\external\jetbrains\jdk\hotspot\src\share\vm\interpreter\linkResoÚùCùñ@
Event: 1447.316 Thread 0x00000000593ae800 Exception <a 'java/lang/NoSuchMethodError': <clinit>> (0x00000000e4e05820) thrown at [C:\src\android\AOSP-openjdk\external\jetbrains\jdk\hotspot\src\share\vm\prims\jni.cpp, line 1613]

Events (10 events):
Event: 1459.489 Thread 0x0000000055c82000 flushing nmethod 0x0000000004271250
Event: 1459.489 Thread 0x0000000055c82000 flushing nmethod 0x00000000042719d0
Event: 1459.770 Thread 0x000000005c362800 DEOPT PACKING pc=0x0000000002eaa426 sp=0x000000006148edf0
Event: 1459.770 Thread 0x000000005c362800 DEOPT UNPACKING pc=0x00000000024e71bf sp=0x000000006148eba0 mode 0
Event: 1459.899 Thread 0x000000005c362800 DEOPT PACKING pc=0x0000000004fc01d8 sp=0x000000006148ed00
Event: 1459.899 Thread 0x000000005c362800 DEOPT UNPACKING pc=0x00000000024e71bf sp=0x000000006148eb50 mode 0
Event: 1459.900 Thread 0x000000005c362800 DEOPT PACKING pc=0x0000000004fc8599 sp=0x000000006148edf0
Event: 1459.900 Thread 0x000000005c362800 DEOPT UNPACKING pc=0x00000000024e71bf sp=0x000000006148eb70 mode 0
Event: 1459.941 Thread 0x000000005c362800 DEOPT PACKING pc=0x0000000004fc6e23 sp=0x000000006148ee20
Event: 1459.941 Thread 0x000000005c362800 DEOPT UNPACKING pc=0x00000000024e71bf sp=0x000000006148eb80 mode 0


Dynamic libraries:
0x000000013f210000 - 0x000000013f241000 	C:\Program Files\Android\Android Studio1\jre\bin\java.exe
0x0000000077ad0000 - 0x0000000077c79000 	C:\Windows\SYSTEM32\ntdll.dll
0x00000000779b0000 - 0x0000000077acf000 	C:\Windows\system32\kernel32.dll
0x000007fefdc60000 - 0x000007fefdccb000 	C:\Windows\system32\KERNELBASE.dll
0x000007fefe7c0000 - 0x000007fefe89b000 	C:\Windows\system32\ADVAPI32.dll
0x000007fefebd0000 - 0x000007fefec6f000 	C:\Windows\system32\msvcrt.dll
0x000007fefebb0000 - 0x000007fefebcf000 	C:\Windows\SYSTEM32\sechost.dll
0x000007fefdf90000 - 0x000007fefe0bd000 	C:\Windows\system32\RPCRT4.dll
0x00000000778b0000 - 0x00000000779aa000 	C:\Windows\system32\USER32.dll
0x000007fefe320000 - 0x000007fefe387000 	C:\Windows\system32\GDI32.dll
0x000007feffdd0000 - 0x000007feffdde000 	C:\Windows\system32\LPK.dll
0x000007feffc60000 - 0x000007feffd29000 	C:\Windows\system32\USP10.dll
0x000007fefc4a0000 - 0x000007fefc694000 	C:\Windows\WinSxS\amd64_microsoft.windows.common-controls_6595b64144ccf1df_6.0.7601.17514_none_fa396087175ac9ac\COMCTL32.dll
0x000007fefee50000 - 0x000007fefeec1000 	C:\Windows\system32\SHLWAPI.dll
0x000007fefe4a0000 - 0x000007fefe4ce000 	C:\Windows\system32\IMM32.DLL
0x000007fefe390000 - 0x000007fefe499000 	C:\Windows\system32\MSCTF.dll
0x00000000728d0000 - 0x00000000729a2000 	C:\Program Files\Android\Android Studio1\jre\jre\bin\msvcr100.dll
0x0000000067020000 - 0x000000006785c000 	C:\Program Files\Android\Android Studio1\jre\jre\bin\server\jvm.dll
0x000007fef3950000 - 0x000007fef3959000 	C:\Windows\system32\WSOCK32.dll
0x000007fefecd0000 - 0x000007fefed1d000 	C:\Windows\system32\WS2_32.dll
0x000007fefee40000 - 0x000007fefee48000 	C:\Windows\system32\NSI.dll
0x000007fefb3e0000 - 0x000007fefb41b000 	C:\Windows\system32\WINMM.dll
0x000007fefcb60000 - 0x000007fefcb6c000 	C:\Windows\system32\VERSION.dll
0x0000000077c90000 - 0x0000000077c97000 	C:\Windows\system32\PSAPI.DLL
0x000007fefc9a0000 - 0x000007fefc9af000 	C:\Program Files\Android\Android Studio1\jre\jre\bin\verify.dll
0x000007fefb630000 - 0x000007fefb659000 	C:\Program Files\Android\Android Studio1\jre\jre\bin\java.dll
0x000007fefb670000 - 0x000007fefb686000 	C:\Program Files\Android\Android Studio1\jre\jre\bin\zip.dll
0x000007fefeed0000 - 0x000007feffc58000 	C:\Windows\system32\SHELL32.dll
0x000007fefe5b0000 - 0x000007fefe7b3000 	C:\Windows\system32\ole32.dll
0x000007fefda20000 - 0x000007fefda2f000 	C:\Windows\system32\profapi.dll
0x000007fefb610000 - 0x000007fefb62a000 	C:\Program Files\Android\Android Studio1\jre\jre\bin\net.dll
0x000007fefd250000 - 0x000007fefd2a5000 	C:\Windows\system32\mswsock.dll
0x000007fefd240000 - 0x000007fefd247000 	C:\Windows\System32\wship6.dll
0x000007fef92f0000 - 0x000007fef9301000 	C:\Program Files\Android\Android Studio1\jre\jre\bin\nio.dll
0x000007fef39d0000 - 0x000007fef39ee000 	C:\Users\PB\.gradle\native\23\windows-amd64\native-platform.dll
0x000007fefd2b0000 - 0x000007fefd2c7000 	C:\Windows\system32\CRYPTSP.dll
0x000007fefcfb0000 - 0x000007fefcff7000 	C:\Windows\system32\rsaenh.dll
0x000007fefcd70000 - 0x000007fefcd8e000 	C:\Windows\system32\USERENV.dll
0x000007fefd950000 - 0x000007fefd95f000 	C:\Windows\system32\CRYPTBASE.dll
0x000007fefb7e0000 - 0x000007fefb807000 	C:\Windows\system32\IPHLPAPI.DLL
0x000007fefb890000 - 0x000007fefb89b000 	C:\Windows\system32\WINNSI.DLL
0x000007fefb4a0000 - 0x000007fefb4b1000 	C:\Windows\system32\dhcpcsvc6.DLL
0x000007fefb480000 - 0x000007fefb498000 	C:\Windows\system32\dhcpcsvc.DLL
0x000007fefc9b0000 - 0x000007fefc9bd000 	C:\Program Files\Android\Android Studio1\jre\jre\bin\management.dll
0x000007fefd8f0000 - 0x000007fefd947000 	C:\Windows\system32\apphelp.dll
0x000007fef9520000 - 0x000007fef9645000 	C:\Windows\system32\dbghelp.dll

VM Arguments:
jvm_args: -Xmx1536m -Dfile.encoding=windows-1252 -Duser.country=FR -Duser.language=fr -Duser.variant 
java_command: org.gradle.launcher.daemon.bootstrap.GradleDaemon 3.3
java_class_path (initial): C:\Users\PB\.gradle\wrapper\dists\gradle-3.3-all\55gk2rcmfc6p2dg9u9ohc3hw9\gradle-3.3\lib\gradle-launcher-3.3.jar
Launcher Type: SUN_STANDARD

Environment Variables:
PATH=C:\ProgramData\Oracle\Java\javapath;C:\Ruby22-x64\bin;C:\Program Files (x86)\NVIDIA Corporation\PhysX\Common;C:\Windows\system32;C:\Windows;C:\Windows\System32\Wbem;C:\Windows\System32\WindowsPowerShell\v1.0\;C:\Program Files (x86)\Brackets\command
USERNAME=PB
OS=Windows_NT
PROCESSOR_IDENTIFIER=Intel64 Family 6 Model 23 Stepping 10, GenuineIntel



---------------  S Y S T E M  ---------------

OS: Windows 7 , 64 bit Build 7601 (6.1.7601.17514)

CPU:total 2 (2 cores per cpu, 1 threads per core) family 6 model 23 stepping 10, cmov, cx8, fxsr, mmx, sse, sse2, sse3, ssse3, tsc

Memory: 4k page, physical 4193524k(1656972k free), swap 7795096k(3667040k free)

vm_info: OpenJDK 64-Bit Server VM (25.112-b06) for windows-amd64 JRE (1.8.0_112-release-b06), built on Dec  8 2016 00:54:26 by "builder" with MS VC++ 10.0 (VS2010)

time: Tue May 09 20:24:24 2017
elapsed time: 1460 seconds (0d 0h 24m 20s)

